# JRE version: Java(TM) SE Runtime Environment (17.0.9+11) (build 17.0.9+11-LTS-201)
# Java VM: Java HotSpot(TM) 64-Bit Server VM (17.0.9+11-LTS-201, mixed mode, emulated-client, sharing, tiered, compressed oops, compressed class ptrs, g1 gc, windows-amd64)
GC Precious Log:
 CPUs: 8 total, 8 available
 Memory: 8084M
 Large Page Support: Disabled
 NUMA Support: Disabled
 Compressed Oops: Enabled (32-bit)
 Heap Region Size: 1M
 Heap Min Capacity: 8M
 Heap Initial Capacity: 128M
 Heap Max Capacity: 2022M
 Pre-touch: Disabled
 Parallel Workers: 8
 Concurrent Workers: 2
 Concurrent Refinement Workers: 8
 Periodic GC: Disabled
Heap:
 garbage-first heap   total 61440K, used 22194K [0x0000000081a00000, 0x0000000100000000)
  region size 1024K, 6 young (6144K), 1 survivors (1024K)
 Metaspace       used 24725K, committed 25088K, reserved 1114112K
  class space    used 3370K, committed 3520K, reserved 1048576K
GC Heap History (12 events):
Event: 3.982 GC heap before
{Heap before GC invocations=0 (full 0):
 garbage-first heap   total 131072K, used 24576K [0x0000000081a00000, 0x0000000100000000)
  region size 1024K, 23 young (23552K), 0 survivors (0K)
 Metaspace       used 6835K, committed 7104K, reserved 1114112K
  class space    used 847K, committed 960K, reserved 1048576K
}
Event: 4.001 GC heap after
{Heap after GC invocations=1 (full 0):
 garbage-first heap   total 131072K, used 9451K [0x0000000081a00000, 0x0000000100000000)
  region size 1024K, 3 young (3072K), 3 survivors (3072K)
 Metaspace       used 6835K, committed 7104K, reserved 1114112K
  class space    used 847K, committed 960K, reserved 1048576K
}
Event: 5.521 GC heap before
{Heap before GC invocations=1 (full 0):
 garbage-first heap   total 131072K, used 30955K [0x0000000081a00000, 0x0000000100000000)
  region size 1024K, 24 young (24576K), 3 survivors (3072K)
 Metaspace       used 11373K, committed 11648K, reserved 1114112K
  class space    used 1537K, committed 1664K, reserved 1048576K
}
Event: 5.531 GC heap after
{Heap after GC invocations=2 (full 0):
 garbage-first heap   total 131072K, used 11374K [0x0000000081a00000, 0x0000000100000000)
  region size 1024K, 2 young (2048K), 2 survivors (2048K)
 Metaspace       used 11373K, committed 11648K, reserved 1114112K
  class space    used 1537K, committed 1664K, reserved 1048576K
}
Event: 7.162 GC heap before
{Heap before GC invocations=2 (full 0):
 garbage-first heap   total 131072K, used 52334K [0x0000000081a00000, 0x0000000100000000)
  region size 1024K, 43 young (44032K), 2 survivors (2048K)
 Metaspace       used 19739K, committed 20096K, reserved 1114112K
  class space    used 2691K, committed 2880K, reserved 1048576K
}
Event: 7.172 GC heap after
{Heap after GC invocations=3 (full 0):
 garbage-first heap   total 131072K, used 14150K [0x0000000081a00000, 0x0000000100000000)
  region size 1024K, 5 young (5120K), 5 survivors (5120K)
 Metaspace       used 19739K, committed 20096K, reserved 1114112K
  class space    used 2691K, committed 2880K, reserved 1048576K
}
Event: 8.306 GC heap before
{Heap before GC invocations=3 (full 0):
 garbage-first heap   total 131072K, used 30534K [0x0000000081a00000, 0x0000000100000000)
  region size 1024K, 23 young (23552K), 5 survivors (5120K)
 Metaspace       used 21186K, committed 21504K, reserved 1114112K
  class space    used 2882K, committed 3072K, reserved 1048576K
}
Event: 8.320 GC heap after
{Heap after GC invocations=4 (full 0):
 garbage-first heap   total 131072K, used 16229K [0x0000000081a00000, 0x0000000100000000)
  region size 1024K, 7 young (7168K), 7 survivors (7168K)
 Metaspace       used 21186K, committed 21504K, reserved 1114112K
  class space    used 2882K, committed 3072K, reserved 1048576K
}
Event: 9.838 GC heap before
{Heap before GC invocations=5 (full 0):
 garbage-first heap   total 61440K, used 45925K [0x0000000081a00000, 0x0000000100000000)
  region size 1024K, 36 young (36864K), 7 survivors (7168K)
 Metaspace       used 23910K, committed 24256K, reserved 1114112K
  class space    used 3259K, committed 3456K, reserved 1048576K
}
Event: 9.866 GC heap after
{Heap after GC invocations=6 (full 0):
 garbage-first heap   total 61440K, used 17940K [0x0000000081a00000, 0x0000000100000000)
  region size 1024K, 4 young (4096K), 4 survivors (4096K)
 Metaspace       used 23910K, committed 24256K, reserved 1114112K
  class space    used 3259K, committed 3456K, reserved 1048576K
}
Event: 9.938 GC heap before
{Heap before GC invocations=6 (full 0):
 garbage-first heap   total 61440K, used 18964K [0x0000000081a00000, 0x0000000100000000)
  region size 1024K, 5 young (5120K), 4 survivors (4096K)
 Metaspace       used 24021K, committed 24384K, reserved 1114112K
  class space    used 3275K, committed 3456K, reserved 1048576K
}
Event: 9.953 GC heap after
{Heap after GC invocations=7 (full 0):
 garbage-first heap   total 61440K, used 18098K [0x0000000081a00000, 0x0000000100000000)
  region size 1024K, 1 young (1024K), 1 survivors (1024K)
 Metaspace       used 24021K, committed 24384K, reserved 1114112K
  class space    used 3275K, committed 3456K, reserved 1048576K
}

